  Scanning sources for module dependencies...
  ofApp.cpp
LINK : warning LNK4075: ignoring '/INCREMENTAL' due to '/FORCE' specification
opencv_world4110d.lib(cap_dshow.obj) : warning LNK4006: "private: static char (* videoInput::deviceNames)[255]" (?deviceNames@videoInput@@0PAY0PP@DA) already defined in videoInputD.lib(videoInput.obj); second definition ignored
opencv_world4110d.lib(cap_dshow.obj) : warning LNK4006: "public: __cdecl videoDevice::videoDevice(void)" (??0videoDevice@@QEAA@XZ) already defined in videoInputD.lib(videoInput.obj); second definition ignored
opencv_world4110d.lib(cap_dshow.obj) : warning LNK4006: "public: void __cdecl videoDevice::setSize(int,int)" (?setSize@videoDevice@@QEAAXHH@Z) already defined in videoInputD.lib(videoInput.obj); second definition ignored
opencv_world4110d.lib(cap_dshow.obj) : warning LNK4006: "public: void __cdecl videoDevice::NukeDownstream(struct IBaseFilter *)" (?NukeDownstream@videoDevice@@QEAAXPEAUIBaseFilter@@@Z) already defined in videoInputD.lib(videoInput.obj); second definition ignored
opencv_world4110d.lib(cap_dshow.obj) : warning LNK4006: "public: void __cdecl videoDevice::destroyGraph(void)" (?destroyGraph@videoDevice@@QEAAXXZ) already defined in videoInputD.lib(videoInput.obj); second definition ignored
opencv_world4110d.lib(cap_dshow.obj) : warning LNK4006: "public: __cdecl videoDevice::~videoDevice(void)" (??1videoDevice@@QEAA@XZ) already defined in videoInputD.lib(videoInput.obj); second definition ignored
opencv_world4110d.lib(cap_dshow.obj) : warning LNK4006: "public: __cdecl videoInput::videoInput(void)" (??0videoInput@@QEAA@XZ) already defined in videoInputD.lib(videoInput.obj); second definition ignored
opencv_world4110d.lib(cap_dshow.obj) : warning LNK4006: "public: __cdecl videoInput::~videoInput(void)" (??1videoInput@@QEAA@XZ) already defined in videoInputD.lib(videoInput.obj); second definition ignored
opencv_world4110d.lib(cap_dshow.obj) : warning LNK4006: "public: static int __cdecl videoInput::listDevices(bool)" (?listDevices@videoInput@@SAH_N@Z) already defined in videoInputD.lib(videoInput.obj); second definition ignored
opencv_world4110d.lib(cap_dshow.obj) : warning LNK4006: "public: void __cdecl videoInput::setUseCallback(bool)" (?setUseCallback@videoInput@@QEAAX_N@Z) already defined in videoInputD.lib(videoInput.obj); second definition ignored
opencv_world4110d.lib(cap_dshow.obj) : warning LNK4006: "public: void __cdecl videoInput::setIdealFramerate(int,int)" (?setIdealFramerate@videoInput@@QEAAXHH@Z) already defined in videoInputD.lib(videoInput.obj); second definition ignored
opencv_world4110d.lib(cap_dshow.obj) : warning LNK4006: "public: void __cdecl videoInput::setAutoReconnectOnFreeze(int,bool,int)" (?setAutoReconnectOnFreeze@videoInput@@QEAAXH_NH@Z) already defined in videoInputD.lib(videoInput.obj); second definition ignored
opencv_world4110d.lib(cap_dshow.obj) : warning LNK4006: "public: bool __cdecl videoInput::setupDevice(int)" (?setupDevice@videoInput@@QEAA_NH@Z) already defined in videoInputD.lib(videoInput.obj); second definition ignored
opencv_world4110d.lib(cap_dshow.obj) : warning LNK4006: "public: bool __cdecl videoInput::setupDevice(int,int,int)" (?setupDevice@videoInput@@QEAA_NHHH@Z) already defined in videoInputD.lib(videoInput.obj); second definition ignored
opencv_world4110d.lib(cap_dshow.obj) : warning LNK4006: "public: bool __cdecl videoInput::setupDevice(int,int)" (?setupDevice@videoInput@@QEAA_NHH@Z) already defined in videoInputD.lib(videoInput.obj); second definition ignored
opencv_world4110d.lib(cap_dshow.obj) : warning LNK4006: "public: bool __cdecl videoInput::setupDevice(int,int,int,int)" (?setupDevice@videoInput@@QEAA_NHHHH@Z) already defined in videoInputD.lib(videoInput.obj); second definition ignored
opencv_world4110d.lib(cap_dshow.obj) : warning LNK4006: "public: bool __cdecl videoInput::setFormat(int,int)" (?setFormat@videoInput@@QEAA_NHH@Z) already defined in videoInputD.lib(videoInput.obj); second definition ignored
opencv_world4110d.lib(cap_dshow.obj) : warning LNK4006: "public: bool __cdecl videoInput::isFrameNew(int)" (?isFrameNew@videoInput@@QEAA_NH@Z) already defined in videoInputD.lib(videoInput.obj); second definition ignored
opencv_world4110d.lib(cap_dshow.obj) : warning LNK4006: "public: unsigned char * __cdecl videoInput::getPixels(int,bool,bool)" (?getPixels@videoInput@@QEAAPEAEH_N0@Z) already defined in videoInputD.lib(videoInput.obj); second definition ignored
opencv_world4110d.lib(cap_dshow.obj) : warning LNK4006: "public: bool __cdecl videoInput::getPixels(int,unsigned char *,bool,bool)" (?getPixels@videoInput@@QEAA_NHPEAE_N1@Z) already defined in videoInputD.lib(videoInput.obj); second definition ignored
opencv_world4110d.lib(cap_dshow.obj) : warning LNK4006: "public: bool __cdecl videoInput::setVideoSettingFilter(int,long,long,long,bool)" (?setVideoSettingFilter@videoInput@@QEAA_NHJJJ_N@Z) already defined in videoInputD.lib(videoInput.obj); second definition ignored
opencv_world4110d.lib(cap_dshow.obj) : warning LNK4006: "public: bool __cdecl videoInput::setVideoSettingFilterPct(int,long,float,long)" (?setVideoSettingFilterPct@videoInput@@QEAA_NHJMJ@Z) already defined in videoInputD.lib(videoInput.obj); second definition ignored
opencv_world4110d.lib(cap_dshow.obj) : warning LNK4006: "public: bool __cdecl videoInput::getVideoSettingFilter(int,long,long &,long &,long &,long &,long &,long &)" (?getVideoSettingFilter@videoInput@@QEAA_NHJAEAJ00000@Z) already defined in videoInputD.lib(videoInput.obj); second definition ignored
opencv_world4110d.lib(cap_dshow.obj) : warning LNK4006: "public: bool __cdecl videoInput::setVideoSettingCamera(int,long,long,long,bool)" (?setVideoSettingCamera@videoInput@@QEAA_NHJJJ_N@Z) already defined in videoInputD.lib(videoInput.obj); second definition ignored
opencv_world4110d.lib(cap_dshow.obj) : warning LNK4006: "public: bool __cdecl videoInput::setVideoSettingCameraPct(int,long,float,long)" (?setVideoSettingCameraPct@videoInput@@QEAA_NHJMJ@Z) already defined in videoInputD.lib(videoInput.obj); second definition ignored
opencv_world4110d.lib(cap_dshow.obj) : warning LNK4006: "public: bool __cdecl videoInput::getVideoSettingCamera(int,long,long &,long &,long &,long &,long &,long &)" (?getVideoSettingCamera@videoInput@@QEAA_NHJAEAJ00000@Z) already defined in videoInputD.lib(videoInput.obj); second definition ignored
opencv_world4110d.lib(cap_dshow.obj) : warning LNK4006: "public: void __cdecl videoInput::stopDevice(int)" (?stopDevice@videoInput@@QEAAXH@Z) already defined in videoInputD.lib(videoInput.obj); second definition ignored
opencv_world4110d.lib(cap_dshow.obj) : warning LNK4006: "public: bool __cdecl videoInput::restartDevice(int)" (?restartDevice@videoInput@@QEAA_NH@Z) already defined in videoInputD.lib(videoInput.obj); second definition ignored
opencv_world4110d.lib(cap_dshow.obj) : warning LNK4006: "private: void __cdecl videoInput::setPhyCon(int,int)" (?setPhyCon@videoInput@@AEAAXHH@Z) already defined in videoInputD.lib(videoInput.obj); second definition ignored
opencv_world4110d.lib(cap_dshow.obj) : warning LNK4006: "private: bool __cdecl videoInput::setup(int)" (?setup@videoInput@@AEAA_NH@Z) already defined in videoInputD.lib(videoInput.obj); second definition ignored
opencv_world4110d.lib(cap_dshow.obj) : warning LNK4006: "private: int __cdecl videoInput::start(int,class videoDevice *)" (?start@videoInput@@AEAAHHPEAVvideoDevice@@@Z) already defined in videoInputD.lib(videoInput.obj); second definition ignored
opencv_world4110d.lib(cap_dshow.obj) : warning LNK4006: "private: int __cdecl videoInput::getDeviceCount(void)" (?getDeviceCount@videoInput@@AEAAHXZ) already defined in videoInputD.lib(videoInput.obj); second definition ignored
opencv_world4110d.lib(cap_dshow.obj) : warning LNK4006: "private: void __cdecl videoInput::getMediaSubtypeAsString(struct _GUID,char *)" (?getMediaSubtypeAsString@videoInput@@AEAAXU_GUID@@PEAD@Z) already defined in videoInputD.lib(videoInput.obj); second definition ignored
opencv_world4110d.lib(cap_dshow.obj) : warning LNK4006: "private: long __cdecl videoInput::getDevice(struct IBaseFilter * *,int,wchar_t *,char *)" (?getDevice@videoInput@@AEAAJPEAPEAUIBaseFilter@@HPEA_WPEAD@Z) already defined in videoInputD.lib(videoInput.obj); second definition ignored
opencv_world4110d.lib(cap_dshow.obj) : warning LNK4006: "private: static long __cdecl videoInput::ShowFilterPropertyPages(struct IBaseFilter *)" (?ShowFilterPropertyPages@videoInput@@CAJPEAUIBaseFilter@@@Z) already defined in videoInputD.lib(videoInput.obj); second definition ignored
opencv_world4110d.lib(cap_dshow.obj) : warning LNK4006: "private: long __cdecl videoInput::SaveGraphFile(struct IGraphBuilder *,wchar_t *)" (?SaveGraphFile@videoInput@@AEAAJPEAUIGraphBuilder@@PEA_W@Z) already defined in videoInputD.lib(videoInput.obj); second definition ignored
opencv_world4110d.lib(cap_dshow.obj) : warning LNK4006: "private: long __cdecl videoInput::routeCrossbar(struct ICaptureGraphBuilder2 * *,struct IBaseFilter * *,int,struct _GUID)" (?routeCrossbar@videoInput@@AEAAJPEAPEAUICaptureGraphBuilder2@@PEAPEAUIBaseFilter@@HU_GUID@@@Z) already defined in videoInputD.lib(videoInput.obj); second definition ignored
opencv_world4110d.lib(cap_dshow.obj) : warning LNK4006: "private: static bool __cdecl videoInput::comInit(void)" (?comInit@videoInput@@CA_NXZ) already defined in videoInputD.lib(videoInput.obj); second definition ignored
opencv_world4110d.lib(cap_dshow.obj) : warning LNK4006: "private: static bool __cdecl videoInput::comUnInit(void)" (?comUnInit@videoInput@@CA_NXZ) already defined in videoInputD.lib(videoInput.obj); second definition ignored
opencv_world4110d.lib(cap_dshow.obj) : warning LNK4006: "private: static void __cdecl videoInput::basicThread(void *)" (?basicThread@videoInput@@CAXPEAX@Z) already defined in videoInputD.lib(videoInput.obj); second definition ignored
     Creating library bin\ColorDetector_debug.lib and object bin\ColorDetector_debug.exp
bin\ColorDetector_debug.exe : warning LNK4088: image being generated due to /FORCE option; image may not run
  ColorDetector.vcxproj -> C:\openFrameworks\apps\myApps\ColorDetector\bin\ColorDetector_debug.exe
  0 File(s) copied
  File not found - *.dll
