c:\openframeworks\apps\myapps\colordetector\obj\x64\debug\build\src\debug\ofapp.obj
c:\openframeworks\apps\myapps\colordetector\obj\addons\ofxopencv\src\debug\ofxcvcolorimage.obj
c:\openframeworks\apps\myapps\colordetector\obj\addons\ofxopencv\src\debug\ofxcvgrayscaleimage.obj
c:\openframeworks\apps\myapps\colordetector\obj\addons\ofxopencv\src\debug\ofxcvfloatimage.obj
c:\openframeworks\apps\myapps\colordetector\obj\addons\ofxopencv\src\debug\ofxcvcontourfinder.obj
c:\openframeworks\apps\myapps\colordetector\obj\addons\ofxopencv\src\debug\ofxcvshortimage.obj
c:\openframeworks\apps\myapps\colordetector\obj\addons\ofxopencv\src\debug\ofxcvimage.obj
c:\openframeworks\apps\myapps\colordetector\obj\addons\ofxopencv\src\debug\ofxcvhaarfinder.obj
c:\openframeworks\apps\myapps\colordetector\obj\addons\ofxgui\src\debug\ofxbutton.obj
c:\openframeworks\apps\myapps\colordetector\obj\addons\ofxgui\src\debug\ofxinputfield.obj
c:\openframeworks\apps\myapps\colordetector\obj\addons\ofxgui\src\debug\ofxbasegui.obj
c:\openframeworks\apps\myapps\colordetector\obj\addons\ofxgui\src\debug\ofxlabel.obj
c:\openframeworks\apps\myapps\colordetector\obj\addons\ofxgui\src\debug\ofxcolorpicker.obj
c:\openframeworks\apps\myapps\colordetector\obj\addons\ofxgui\src\debug\ofxslidergroup.obj
c:\openframeworks\apps\myapps\colordetector\obj\addons\ofxgui\src\debug\ofxtoggle.obj
c:\openframeworks\apps\myapps\colordetector\obj\addons\ofxgui\src\debug\ofxslider.obj
c:\openframeworks\apps\myapps\colordetector\obj\addons\ofxgui\src\debug\ofxguigroup.obj
c:\openframeworks\apps\myapps\colordetector\obj\addons\ofxgui\src\debug\ofxpanel.obj
c:\openframeworks\apps\myapps\colordetector\obj\x64\debug\build\src\debug\imagemanager.obj
c:\openframeworks\apps\myapps\colordetector\obj\x64\debug\build\src\debug\colorclusterer.obj
c:\openframeworks\apps\myapps\colordetector\obj\x64\debug\build\src\debug\roiselector.obj
c:\openframeworks\apps\myapps\colordetector\obj\x64\debug\build\src\debug\colorsampler.obj
c:\openframeworks\apps\myapps\colordetector\obj\x64\debug\build\src\debug\main.obj
c:\openframeworks\apps\myapps\colordetector\bin\colordetector_debug.exe
c:\openframeworks\apps\myapps\colordetector\bin\colordetector_debug.pdb
c:\openframeworks\apps\myapps\colordetector\obj\x64\debug\icon.res
c:\openframeworks\apps\myapps\colordetector\bin\colordetector_debug.lib
c:\openframeworks\apps\myapps\colordetector\bin\colordetector_debug.exp
c:\openframeworks\apps\myapps\colordetector\obj\x64\debug\colordetector.tlog\cl.command.1.tlog
c:\openframeworks\apps\myapps\colordetector\obj\x64\debug\colordetector.tlog\cl.items.tlog
c:\openframeworks\apps\myapps\colordetector\obj\x64\debug\colordetector.tlog\cl.read.1.tlog
c:\openframeworks\apps\myapps\colordetector\obj\x64\debug\colordetector.tlog\cl.write.1.tlog
c:\openframeworks\apps\myapps\colordetector\obj\x64\debug\colordetector.tlog\link.command.1.tlog
c:\openframeworks\apps\myapps\colordetector\obj\x64\debug\colordetector.tlog\link.read.1.tlog
c:\openframeworks\apps\myapps\colordetector\obj\x64\debug\colordetector.tlog\link.secondary.1.tlog
c:\openframeworks\apps\myapps\colordetector\obj\x64\debug\colordetector.tlog\link.write.1.tlog
c:\openframeworks\apps\myapps\colordetector\obj\x64\debug\colordetector.tlog\rc.command.1.tlog
c:\openframeworks\apps\myapps\colordetector\obj\x64\debug\colordetector.tlog\rc.read.1.tlog
c:\openframeworks\apps\myapps\colordetector\obj\x64\debug\colordetector.tlog\rc.write.1.tlog
